# JRE version: OpenJDK Runtime Environment Corretto-11.0.13.8.1 (11.0.13+8) (build 11.0.13+8-LTS)
# Java VM: OpenJDK 64-Bit Server VM Corretto-11.0.13.8.1 (11.0.13+8-LTS, mixed mode, tiered, compressed oops, g1 gc, windows-amd64)
Heap:
 garbage-first heap   total 871424K, used 575851K [0x0000000080000000, 0x0000000100000000)
  region size 1024K, 2 young (2048K), 2 survivors (2048K)
 Metaspace       used 131157K, capacity 135928K, committed 136272K, reserved 1167360K
  class space    used 16356K, capacity 18023K, committed 18124K, reserved 1048576K
GC Heap History (20 events):
Event: 744.624 GC heap after
{Heap after GC invocations=112 (full 0):
 garbage-first heap   total 590848K, used 524287K [0x0000000080000000, 0x0000000100000000)
  region size 1024K, 4 young (4096K), 4 survivors (4096K)
 Metaspace       used 131136K, capacity 135863K, committed 136016K, reserved 1167360K
  class space    used 16356K, capacity 18023K, committed 18124K, reserved 1048576K
}
Event: 744.843 GC heap before
{Heap before GC invocations=112 (full 0):
 garbage-first heap   total 590848K, used 548863K [0x0000000080000000, 0x0000000100000000)
  region size 1024K, 28 young (28672K), 4 survivors (4096K)
 Metaspace       used 131136K, capacity 135863K, committed 136016K, reserved 1167360K
  class space    used 16356K, capacity 18023K, committed 18124K, reserved 1048576K
}
Event: 744.912 GC heap after
{Heap after GC invocations=113 (full 0):
 garbage-first heap   total 590848K, used 530431K [0x0000000080000000, 0x0000000100000000)
  region size 1024K, 4 young (4096K), 4 survivors (4096K)
 Metaspace       used 131136K, capacity 135863K, committed 136016K, reserved 1167360K
  class space    used 16356K, capacity 18023K, committed 18124K, reserved 1048576K
}
Event: 745.166 GC heap before
{Heap before GC invocations=113 (full 0):
 garbage-first heap   total 590848K, used 553983K [0x0000000080000000, 0x0000000100000000)
  region size 1024K, 28 young (28672K), 4 survivors (4096K)
 Metaspace       used 131145K, capacity 135864K, committed 136016K, reserved 1167360K
  class space    used 16356K, capacity 18023K, committed 18124K, reserved 1048576K
}
Event: 745.188 GC heap after
{Heap after GC invocations=114 (full 0):
 garbage-first heap   total 590848K, used 534375K [0x0000000080000000, 0x0000000100000000)
  region size 1024K, 4 young (4096K), 4 survivors (4096K)
 Metaspace       used 131145K, capacity 135864K, committed 136016K, reserved 1167360K
  class space    used 16356K, capacity 18023K, committed 18124K, reserved 1048576K
}
Event: 745.385 GC heap before
{Heap before GC invocations=114 (full 0):
 garbage-first heap   total 590848K, used 557927K [0x0000000080000000, 0x0000000100000000)
  region size 1024K, 28 young (28672K), 4 survivors (4096K)
 Metaspace       used 131150K, capacity 135864K, committed 136016K, reserved 1167360K
  class space    used 16356K, capacity 18023K, committed 18124K, reserved 1048576K
}
Event: 745.397 GC heap after
{Heap after GC invocations=115 (full 0):
 garbage-first heap   total 590848K, used 537837K [0x0000000080000000, 0x0000000100000000)
  region size 1024K, 4 young (4096K), 4 survivors (4096K)
 Metaspace       used 131150K, capacity 135864K, committed 136016K, reserved 1167360K
  class space    used 16356K, capacity 18023K, committed 18124K, reserved 1048576K
}
Event: 745.591 GC heap before
{Heap before GC invocations=115 (full 0):
 garbage-first heap   total 590848K, used 562413K [0x0000000080000000, 0x0000000100000000)
  region size 1024K, 28 young (28672K), 4 survivors (4096K)
 Metaspace       used 131151K, capacity 135864K, committed 136016K, reserved 1167360K
  class space    used 16356K, capacity 18023K, committed 18124K, reserved 1048576K
}
Event: 745.621 GC heap after
{Heap after GC invocations=116 (full 0):
 garbage-first heap   total 590848K, used 540321K [0x0000000080000000, 0x0000000100000000)
  region size 1024K, 3 young (3072K), 3 survivors (3072K)
 Metaspace       used 131151K, capacity 135864K, committed 136016K, reserved 1167360K
  class space    used 16356K, capacity 18023K, committed 18124K, reserved 1048576K
}
Event: 746.189 GC heap before
{Heap before GC invocations=116 (full 0):
 garbage-first heap   total 590848K, used 571041K [0x0000000080000000, 0x0000000100000000)
  region size 1024K, 28 young (28672K), 3 survivors (3072K)
 Metaspace       used 131152K, capacity 135928K, committed 136272K, reserved 1167360K
  class space    used 16356K, capacity 18023K, committed 18124K, reserved 1048576K
}
Event: 746.252 GC heap after
{Heap after GC invocations=117 (full 0):
 garbage-first heap   total 590848K, used 549206K [0x0000000080000000, 0x0000000100000000)
  region size 1024K, 4 young (4096K), 4 survivors (4096K)
 Metaspace       used 131152K, capacity 135928K, committed 136272K, reserved 1167360K
  class space    used 16356K, capacity 18023K, committed 18124K, reserved 1048576K
}
Event: 746.575 GC heap before
{Heap before GC invocations=117 (full 0):
 garbage-first heap   total 590848K, used 573782K [0x0000000080000000, 0x0000000100000000)
  region size 1024K, 28 young (28672K), 4 survivors (4096K)
 Metaspace       used 131153K, capacity 135928K, committed 136272K, reserved 1167360K
  class space    used 16356K, capacity 18023K, committed 18124K, reserved 1048576K
}
Event: 746.605 GC heap after
{Heap after GC invocations=118 (full 0):
 garbage-first heap   total 590848K, used 554379K [0x0000000080000000, 0x0000000100000000)
  region size 1024K, 4 young (4096K), 4 survivors (4096K)
 Metaspace       used 131153K, capacity 135928K, committed 136272K, reserved 1167360K
  class space    used 16356K, capacity 18023K, committed 18124K, reserved 1048576K
}
Event: 746.990 GC heap before
{Heap before GC invocations=118 (full 0):
 garbage-first heap   total 590848K, used 583051K [0x0000000080000000, 0x0000000100000000)
  region size 1024K, 28 young (28672K), 4 survivors (4096K)
 Metaspace       used 131153K, capacity 135928K, committed 136272K, reserved 1167360K
  class space    used 16356K, capacity 18023K, committed 18124K, reserved 1048576K
}
Event: 747.014 GC heap after
{Heap after GC invocations=119 (full 0):
 garbage-first heap   total 592896K, used 563055K [0x0000000080000000, 0x0000000100000000)
  region size 1024K, 4 young (4096K), 4 survivors (4096K)
 Metaspace       used 131153K, capacity 135928K, committed 136272K, reserved 1167360K
  class space    used 16356K, capacity 18023K, committed 18124K, reserved 1048576K
}
Event: 747.117 GC heap before
{Heap before GC invocations=119 (full 0):
 garbage-first heap   total 592896K, used 586607K [0x0000000080000000, 0x0000000100000000)
  region size 1024K, 28 young (28672K), 4 survivors (4096K)
 Metaspace       used 131154K, capacity 135928K, committed 136272K, reserved 1167360K
  class space    used 16356K, capacity 18023K, committed 18124K, reserved 1048576K
}
Event: 747.130 GC heap after
{Heap after GC invocations=120 (full 0):
 garbage-first heap   total 595968K, used 567295K [0x0000000080000000, 0x0000000100000000)
  region size 1024K, 4 young (4096K), 4 survivors (4096K)
 Metaspace       used 131154K, capacity 135928K, committed 136272K, reserved 1167360K
  class space    used 16356K, capacity 18023K, committed 18124K, reserved 1048576K
}
Event: 747.231 GC heap before
{Heap before GC invocations=120 (full 0):
 garbage-first heap   total 595968K, used 595967K [0x0000000080000000, 0x0000000100000000)
  region size 1024K, 28 young (28672K), 4 survivors (4096K)
 Metaspace       used 131154K, capacity 135928K, committed 136272K, reserved 1167360K
  class space    used 16356K, capacity 18023K, committed 18124K, reserved 1048576K
}
Event: 747.250 GC heap after
{Heap after GC invocations=121 (full 0):
 garbage-first heap   total 600064K, used 570326K [0x0000000080000000, 0x0000000100000000)
  region size 1024K, 1 young (1024K), 1 survivors (1024K)
 Metaspace       used 131154K, capacity 135928K, committed 136272K, reserved 1167360K
  class space    used 16356K, capacity 18023K, committed 18124K, reserved 1048576K
}
Event: 748.224 GC heap before
{Heap before GC invocations=121 (full 0):
 garbage-first heap   total 602112K, used 600022K [0x0000000080000000, 0x0000000100000000)
  region size 1024K, 23 young (23552K), 1 survivors (1024K)
 Metaspace       used 131157K, capacity 135928K, committed 136272K, reserved 1167360K
  class space    used 16356K, capacity 18023K, committed 18124K, reserved 1048576K
}

